<!DOCTYPE html PUBLIC "-//W3C//DTD XHTML 1.1//EN" "http://www.w3.org/TR/xhtml11/DTD/xhtml11.dtd">
<html xmlns="http://www.w3.org/1999/xhtml"><head><title>TestNG Report</title><style type="text/css">table {margin-bottom:10px;border-collapse:collapse;empty-cells:show}th,td {border:1px solid #009;padding:.25em .5em}th {vertical-align:bottom}td {vertical-align:top}table a {font-weight:bold}.stripe td {background-color: #E6EBF9}.num {text-align:right}.passedodd td {background-color: #3F3}.passedeven td {background-color: #0A0}.skippedodd td {background-color: #DDD}.skippedeven td {background-color: #CCC}.failedodd td,.attn {background-color: #F33}.failedeven td,.stripe .attn {background-color: #D00}.stacktrace {white-space:pre;font-family:monospace}.totop {font-size:85%;text-align:center;border-bottom:2px solid #000}</style></head><body><table><tr><th>Test</th><th># Passed</th><th># Skipped</th><th># Failed</th><th>Time (ms)</th><th>Included Groups</th><th>Excluded Groups</th></tr><tr><th colspan="7">FedExApplication</th></tr><tr><td><a href="#t0">Rate Verification</a></td><td class="num">1</td><td class="num">0</td><td class="num">0</td><td class="num">15,255</td><td></td><td></td></tr><tr class="stripe"><td><a href="#t1">Shipment Creation</a></td><td class="num">0</td><td class="num">0</td><td class="num attn">1</td><td class="num">50,362</td><td></td><td></td></tr><tr><td><a href="#t2">Cheetah Order Processing</a></td><td class="num">0</td><td class="num">0</td><td class="num attn">1</td><td class="num">389,144</td><td></td><td></td></tr><tr class="stripe"><td><a href="#t3">Master Screens</a></td><td class="num">0</td><td class="num">0</td><td class="num attn">1</td><td class="num">50,436</td><td></td><td></td></tr><tr><td><a href="#t4">Crud Operations</a></td><td class="num">0</td><td class="num">0</td><td class="num attn">1</td><td class="num">50,163</td><td></td><td></td></tr><tr class="stripe"><td><a href="#t5">Broken Links</a></td><td class="num">0</td><td class="num">0</td><td class="num attn">1</td><td class="num">50,491</td><td></td><td></td></tr><tr><th>Total</th><th class="num">1</th><th class="num">0</th><th class="num attn">5</th><th class="num">605,851</th><th colspan="2"></th></tr></table><table><thead><tr><th>Class</th><th>Method</th><th>Start</th><th>Time (ms)</th></tr></thead><tbody><tr><th colspan="4">FedExApplication</th></tr></tbody><tbody id="t0"><tr><th colspan="4">Rate Verification &#8212; passed</th></tr><tr class="passedeven"><td rowspan="1">rateScreenFedEx.RateVerification</td><td><a href="#m0">prService</a></td><td rowspan="1">1647488844365</td><td rowspan="1">15238</td></tr></tbody><tbody id="t1"><tr><th colspan="4">Shipment Creation &#8212; failed</th></tr><tr class="failedeven"><td rowspan="1">shipmentFedExWebSite.ShipmentCreation</td><td><a href="#m1">shipmentCreation</a></td><td rowspan="1">1647488859640</td><td rowspan="1">50361</td></tr></tbody><tbody id="t2"><tr><th colspan="4">Cheetah Order Processing &#8212; failed</th></tr><tr class="failedeven"><td rowspan="1">shipmentFedExWebSite.CheetahOrderProcessing</td><td><a href="#m2">cheetahOrderPro</a></td><td rowspan="1">1647488910012</td><td rowspan="1">389143</td></tr></tbody><tbody id="t3"><tr><th colspan="4">Master Screens &#8212; failed</th></tr><tr class="failedeven"><td rowspan="1">com.fdxMasterScreens.BaseClass</td><td><a href="#m3">baseMethods</a></td><td rowspan="1">1647489299165</td><td rowspan="1">50436</td></tr></tbody><tbody id="t4"><tr><th colspan="4">Crud Operations &#8212; failed</th></tr><tr class="failedeven"><td rowspan="1">shipmentFedExWebSite.CrudOperation</td><td><a href="#m4">crudOperations</a></td><td rowspan="1">1647489349612</td><td rowspan="1">50162</td></tr></tbody><tbody id="t5"><tr><th colspan="4">Broken Links &#8212; failed</th></tr><tr class="failedeven"><td rowspan="1">com.fdxMasterScreens.BrokenLinks</td><td><a href="#m5">brokenLinks</a></td><td rowspan="1">1647489399791</td><td rowspan="1">50490</td></tr></tbody></table><h2>Rate Verification</h2><h3 id="m0">rateScreenFedEx.RateVerification#prService</h3><table class="result"></table><p class="totop"><a href="#summary">back to summary</a></p><h2>Shipment Creation</h2><h3 id="m1">shipmentFedExWebSite.ShipmentCreation#shipmentCreation</h3><table class="result"><tr><th>Exception</th></tr><tr><td><div class="stacktrace">org.openqa.selenium.TimeoutException: Expected condition failed: waiting for visibility of element located by By.id: Header_fdx_main_liLogin (tried for 50 second(s) with 500 milliseconds interval)
	at org.openqa.selenium.support.ui.WebDriverWait.timeoutException(WebDriverWait.java:81)
	at org.openqa.selenium.support.ui.FluentWait.until(FluentWait.java:271)
	at basePackage.BaseInit.login(BaseInit.java:31)
	at shipmentFedExWebSite.ShipmentCreation.shipmentCreation(ShipmentCreation.java:33)
Caused by: org.openqa.selenium.NoSuchElementException: Cannot locate an element using By.id: Header_fdx_main_liLogin
For documentation on this error, please visit: http://seleniumhq.org/exceptions/no_such_element.html
Build info: version: &apos;3.13.0&apos;, revision: &apos;2f0d292&apos;, time: &apos;2018-06-25T15:32:14.902Z&apos;
System info: host: &apos;SIPL92&apos;, ip: &apos;10.212.130.59&apos;, os.name: &apos;Windows 10&apos;, os.arch: &apos;amd64&apos;, os.version: &apos;10.0&apos;, java.version: &apos;11.0.13&apos;
Driver info: driver.version: unknown
	at org.openqa.selenium.support.ui.ExpectedConditions.lambda$findElement$0(ExpectedConditions.java:896)
	at java.base/java.util.Optional.orElseThrow(Optional.java:408)
	at org.openqa.selenium.support.ui.ExpectedConditions.findElement(ExpectedConditions.java:895)
	at org.openqa.selenium.support.ui.ExpectedConditions.access$000(ExpectedConditions.java:44)
	at org.openqa.selenium.support.ui.ExpectedConditions$7.apply(ExpectedConditions.java:206)
	at org.openqa.selenium.support.ui.ExpectedConditions$7.apply(ExpectedConditions.java:202)
	at org.openqa.selenium.support.ui.FluentWait.until(FluentWait.java:248)
	... 25 more
... Removed 23 stack frames</div></td></tr></table><p class="totop"><a href="#summary">back to summary</a></p><h2>Cheetah Order Processing</h2><h3 id="m2">shipmentFedExWebSite.CheetahOrderProcessing#cheetahOrderPro</h3><table class="result"><tr><th>Exception</th></tr><tr><td><div class="stacktrace">org.openqa.selenium.NoSuchElementException: no such element: Unable to locate element: {&quot;method&quot;:&quot;css selector&quot;,&quot;selector&quot;:&quot;#MainContent_txtShipStatus&quot;}
  (Session info: chrome=99.0.4844.74)
For documentation on this error, please visit: http://seleniumhq.org/exceptions/no_such_element.html
Build info: version: &apos;3.13.0&apos;, revision: &apos;2f0d292&apos;, time: &apos;2018-06-25T15:32:14.902Z&apos;
System info: host: &apos;SIPL92&apos;, ip: &apos;10.212.130.59&apos;, os.name: &apos;Windows 10&apos;, os.arch: &apos;amd64&apos;, os.version: &apos;10.0&apos;, java.version: &apos;11.0.13&apos;
Driver info: org.openqa.selenium.chrome.ChromeDriver
Capabilities {acceptInsecureCerts: false, browserName: chrome, browserVersion: 99.0.4844.74, chrome: {chromedriverVersion: 99.0.4844.51 (d537ec02474b5..., userDataDir: C:\WINDOWS\TEMP\scoped_dir2...}, goog:chromeOptions: {debuggerAddress: localhost:49321}, javascriptEnabled: true, networkConnectionEnabled: false, pageLoadStrategy: normal, platform: WINDOWS, platformName: WINDOWS, proxy: Proxy(), setWindowRect: true, strictFileInteractability: false, timeouts: {implicit: 0, pageLoad: 300000, script: 30000}, unhandledPromptBehavior: dismiss and notify, webauthn:extension:credBlob: true, webauthn:extension:largeBlob: true, webauthn:virtualAuthenticators: true}
Session ID: 7ad6717d596d41f029bb3c983be98900
*** Element info: {Using=id, value=MainContent_txtShipStatus}
	at org.openqa.selenium.remote.http.W3CHttpResponseCodec.createException(W3CHttpResponseCodec.java:187)
	at org.openqa.selenium.remote.http.W3CHttpResponseCodec.decode(W3CHttpResponseCodec.java:122)
	at org.openqa.selenium.remote.http.W3CHttpResponseCodec.decode(W3CHttpResponseCodec.java:49)
	at org.openqa.selenium.remote.HttpCommandExecutor.execute(HttpCommandExecutor.java:158)
	at org.openqa.selenium.remote.service.DriverCommandExecutor.execute(DriverCommandExecutor.java:83)
	at org.openqa.selenium.remote.RemoteWebDriver.execute(RemoteWebDriver.java:548)
	at org.openqa.selenium.remote.RemoteWebDriver.findElement(RemoteWebDriver.java:322)
	at org.openqa.selenium.remote.RemoteWebDriver.findElementById(RemoteWebDriver.java:368)
	at org.openqa.selenium.By$ById.findElement(By.java:188)
	at org.openqa.selenium.remote.RemoteWebDriver.findElement(RemoteWebDriver.java:314)
	at shipmentFedExWebSite.CheetahOrderProcessing.pustatusUpdate(CheetahOrderProcessing.java:647)
	at shipmentFedExWebSite.CheetahOrderProcessing.cheetahOrderPro(CheetahOrderProcessing.java:542)
... Removed 27 stack frames</div></td></tr></table><p class="totop"><a href="#summary">back to summary</a></p><h2>Master Screens</h2><h3 id="m3">com.fdxMasterScreens.BaseClass#baseMethods</h3><table class="result"><tr><th>Exception</th></tr><tr><td><div class="stacktrace">org.openqa.selenium.TimeoutException: Expected condition failed: waiting for visibility of element located by By.id: Header_fdx_main_liLogin (tried for 50 second(s) with 500 milliseconds interval)
	at org.openqa.selenium.support.ui.WebDriverWait.timeoutException(WebDriverWait.java:81)
	at org.openqa.selenium.support.ui.FluentWait.until(FluentWait.java:271)
	at basePackage.BaseInit.login(BaseInit.java:31)
	at com.fdxMasterScreens.BaseClass.baseMethods(BaseClass.java:24)
Caused by: org.openqa.selenium.NoSuchElementException: Cannot locate an element using By.id: Header_fdx_main_liLogin
For documentation on this error, please visit: http://seleniumhq.org/exceptions/no_such_element.html
Build info: version: &apos;3.13.0&apos;, revision: &apos;2f0d292&apos;, time: &apos;2018-06-25T15:32:14.902Z&apos;
System info: host: &apos;SIPL92&apos;, ip: &apos;10.212.130.59&apos;, os.name: &apos;Windows 10&apos;, os.arch: &apos;amd64&apos;, os.version: &apos;10.0&apos;, java.version: &apos;11.0.13&apos;
Driver info: driver.version: unknown
	at org.openqa.selenium.support.ui.ExpectedConditions.lambda$findElement$0(ExpectedConditions.java:896)
	at java.base/java.util.Optional.orElseThrow(Optional.java:408)
	at org.openqa.selenium.support.ui.ExpectedConditions.findElement(ExpectedConditions.java:895)
	at org.openqa.selenium.support.ui.ExpectedConditions.access$000(ExpectedConditions.java:44)
	at org.openqa.selenium.support.ui.ExpectedConditions$7.apply(ExpectedConditions.java:206)
	at org.openqa.selenium.support.ui.ExpectedConditions$7.apply(ExpectedConditions.java:202)
	at org.openqa.selenium.support.ui.FluentWait.until(FluentWait.java:248)
	... 25 more
... Removed 23 stack frames</div></td></tr></table><p class="totop"><a href="#summary">back to summary</a></p><h2>Crud Operations</h2><h3 id="m4">shipmentFedExWebSite.CrudOperation#crudOperations</h3><table class="result"><tr><th>Exception</th></tr><tr><td><div class="stacktrace">org.openqa.selenium.TimeoutException: Expected condition failed: waiting for visibility of element located by By.id: Header_fdx_main_liLogin (tried for 50 second(s) with 500 milliseconds interval)
	at org.openqa.selenium.support.ui.WebDriverWait.timeoutException(WebDriverWait.java:81)
	at org.openqa.selenium.support.ui.FluentWait.until(FluentWait.java:271)
	at basePackage.BaseInit.login(BaseInit.java:31)
	at shipmentFedExWebSite.CrudOperation.crudOperations(CrudOperation.java:33)
Caused by: org.openqa.selenium.NoSuchElementException: Cannot locate an element using By.id: Header_fdx_main_liLogin
For documentation on this error, please visit: http://seleniumhq.org/exceptions/no_such_element.html
Build info: version: &apos;3.13.0&apos;, revision: &apos;2f0d292&apos;, time: &apos;2018-06-25T15:32:14.902Z&apos;
System info: host: &apos;SIPL92&apos;, ip: &apos;10.212.130.59&apos;, os.name: &apos;Windows 10&apos;, os.arch: &apos;amd64&apos;, os.version: &apos;10.0&apos;, java.version: &apos;11.0.13&apos;
Driver info: driver.version: unknown
	at org.openqa.selenium.support.ui.ExpectedConditions.lambda$findElement$0(ExpectedConditions.java:896)
	at java.base/java.util.Optional.orElseThrow(Optional.java:408)
	at org.openqa.selenium.support.ui.ExpectedConditions.findElement(ExpectedConditions.java:895)
	at org.openqa.selenium.support.ui.ExpectedConditions.access$000(ExpectedConditions.java:44)
	at org.openqa.selenium.support.ui.ExpectedConditions$7.apply(ExpectedConditions.java:206)
	at org.openqa.selenium.support.ui.ExpectedConditions$7.apply(ExpectedConditions.java:202)
	at org.openqa.selenium.support.ui.FluentWait.until(FluentWait.java:248)
	... 25 more
... Removed 23 stack frames</div></td></tr></table><p class="totop"><a href="#summary">back to summary</a></p><h2>Broken Links</h2><h3 id="m5">com.fdxMasterScreens.BrokenLinks#brokenLinks</h3><table class="result"><tr><th>Exception</th></tr><tr><td><div class="stacktrace">org.openqa.selenium.TimeoutException: Expected condition failed: waiting for visibility of element located by By.id: Header_fdx_main_liLogin (tried for 50 second(s) with 500 milliseconds interval)
	at org.openqa.selenium.support.ui.WebDriverWait.timeoutException(WebDriverWait.java:81)
	at org.openqa.selenium.support.ui.FluentWait.until(FluentWait.java:271)
	at basePackage.BaseInit.login(BaseInit.java:31)
	at com.fdxMasterScreens.BrokenLinks.brokenLinks(BrokenLinks.java:20)
Caused by: org.openqa.selenium.NoSuchElementException: Cannot locate an element using By.id: Header_fdx_main_liLogin
For documentation on this error, please visit: http://seleniumhq.org/exceptions/no_such_element.html
Build info: version: &apos;3.13.0&apos;, revision: &apos;2f0d292&apos;, time: &apos;2018-06-25T15:32:14.902Z&apos;
System info: host: &apos;SIPL92&apos;, ip: &apos;10.212.130.59&apos;, os.name: &apos;Windows 10&apos;, os.arch: &apos;amd64&apos;, os.version: &apos;10.0&apos;, java.version: &apos;11.0.13&apos;
Driver info: driver.version: unknown
	at org.openqa.selenium.support.ui.ExpectedConditions.lambda$findElement$0(ExpectedConditions.java:896)
	at java.base/java.util.Optional.orElseThrow(Optional.java:408)
	at org.openqa.selenium.support.ui.ExpectedConditions.findElement(ExpectedConditions.java:895)
	at org.openqa.selenium.support.ui.ExpectedConditions.access$000(ExpectedConditions.java:44)
	at org.openqa.selenium.support.ui.ExpectedConditions$7.apply(ExpectedConditions.java:206)
	at org.openqa.selenium.support.ui.ExpectedConditions$7.apply(ExpectedConditions.java:202)
	at org.openqa.selenium.support.ui.FluentWait.until(FluentWait.java:248)
	... 25 more
... Removed 23 stack frames</div></td></tr></table><p class="totop"><a href="#summary">back to summary</a></p></body></html>