<?xml version="1.0" encoding="UTF-8"?>
<!-- Generated by org.testng.reporters.JUnitXMLReporter -->
<testsuite hostname="SIPL92" failures="0" tests="1" name="Crud Operations" time="0.035" errors="0" timestamp="1 Mar 2022 06:15:17 GMT">
  <testcase classname="com.fdxMasterScreens.BaseClass" name="@BeforeSuite startUp" time="0.0">
    <failure type="org.openqa.selenium.WebDriverException" message="unknown error: Chrome failed to start: crashed.
  (unknown error: DevToolsActivePort file doesn&amp;apos;t exist)
  (The process started from chrome location C:\Program Files\Google\Chrome\Application\chrome.exe is no longer running, so ChromeDriver is assuming that Chrome has crashed.)
Build info: version: &amp;apos;3.13.0&amp;apos;, revision: &amp;apos;2f0d292&amp;apos;, time: &amp;apos;2018-06-25T15:32:14.902Z&amp;apos;
System info: host: &amp;apos;SIPL92&amp;apos;, ip: &amp;apos;10.212.130.158&amp;apos;, os.name: &amp;apos;Windows 10&amp;apos;, os.arch: &amp;apos;amd64&amp;apos;, os.version: &amp;apos;10.0&amp;apos;, java.version: &amp;apos;16.0.2&amp;apos;
Driver info: driver.version: ChromeDriver
remote stacktrace: Backtrace:
	Ordinal0 [0x00A97AC3+2587331]
	Ordinal0 [0x00A2ADD1+2141649]
	Ordinal0 [0x00923BB8+1063864]
	Ordinal0 [0x009406E5+1181413]
	Ordinal0 [0x0093CC51+1166417]
	Ordinal0 [0x0096D12F+1364271]
	Ordinal0 [0x0096CD5A+1363290]
	Ordinal0 [0x009684A6+1344678]
	Ordinal0 [0x009453F6+1201142]
	Ordinal0 [0x009462E6+1204966]
	GetHandleVerifier [0x00C3DF22+1680738]
	GetHandleVerifier [0x00CF0DBC+2413564]
	GetHandleVerifier [0x00B2D151+563089]
	GetHandleVerifier [0x00B2BF13+558419]
	Ordinal0 [0x00A3081E+2164766]
	Ordinal0 [0x00A35508+2184456]
	Ordinal0 [0x00A35650+2184784]
	Ordinal0 [0x00A3F5BC+2225596]
	BaseThreadInitThunk [0x76DCFA29+25]
	RtlGetAppContainerNamedObjectPath [0x77B67A9E+286]
	RtlGetAppContainerNamedObjectPath [0x77B67A6E+238]
">
      <![CDATA[org.openqa.selenium.WebDriverException: unknown error: Chrome failed to start: crashed.
  (unknown error: DevToolsActivePort file doesn't exist)
  (The process started from chrome location C:\Program Files\Google\Chrome\Application\chrome.exe is no longer running, so ChromeDriver is assuming that Chrome has crashed.)
Build info: version: '3.13.0', revision: '2f0d292', time: '2018-06-25T15:32:14.902Z'
System info: host: 'SIPL92', ip: '10.212.130.158', os.name: 'Windows 10', os.arch: 'amd64', os.version: '10.0', java.version: '16.0.2'
Driver info: driver.version: ChromeDriver
remote stacktrace: Backtrace:
	Ordinal0 [0x00A97AC3+2587331]
	Ordinal0 [0x00A2ADD1+2141649]
	Ordinal0 [0x00923BB8+1063864]
	Ordinal0 [0x009406E5+1181413]
	Ordinal0 [0x0093CC51+1166417]
	Ordinal0 [0x0096D12F+1364271]
	Ordinal0 [0x0096CD5A+1363290]
	Ordinal0 [0x009684A6+1344678]
	Ordinal0 [0x009453F6+1201142]
	Ordinal0 [0x009462E6+1204966]
	GetHandleVerifier [0x00C3DF22+1680738]
	GetHandleVerifier [0x00CF0DBC+2413564]
	GetHandleVerifier [0x00B2D151+563089]
	GetHandleVerifier [0x00B2BF13+558419]
	Ordinal0 [0x00A3081E+2164766]
	Ordinal0 [0x00A35508+2184456]
	Ordinal0 [0x00A35650+2184784]
	Ordinal0 [0x00A3F5BC+2225596]
	BaseThreadInitThunk [0x76DCFA29+25]
	RtlGetAppContainerNamedObjectPath [0x77B67A9E+286]
	RtlGetAppContainerNamedObjectPath [0x77B67A6E+238]

	at org.openqa.selenium.remote.W3CHandshakeResponse.lambda$new$0(W3CHandshakeResponse.java:57)
	at org.openqa.selenium.remote.W3CHandshakeResponse.lambda$getResponseFunction$2(W3CHandshakeResponse.java:104)
	at org.openqa.selenium.remote.ProtocolHandshake.lambda$createSession$0(ProtocolHandshake.java:123)
	at java.base/java.util.stream.ReferencePipeline$3$1.accept(ReferencePipeline.java:197)
	at java.base/java.util.Spliterators$ArraySpliterator.tryAdvance(Spliterators.java:958)
	at java.base/java.util.stream.ReferencePipeline.forEachWithCancel(ReferencePipeline.java:129)
	at java.base/java.util.stream.AbstractPipeline.copyIntoWithCancel(AbstractPipeline.java:502)
	at java.base/java.util.stream.AbstractPipeline.copyInto(AbstractPipeline.java:488)
	at java.base/java.util.stream.AbstractPipeline.wrapAndCopyInto(AbstractPipeline.java:474)
	at java.base/java.util.stream.FindOps$FindOp.evaluateSequential(FindOps.java:150)
	at java.base/java.util.stream.AbstractPipeline.evaluate(AbstractPipeline.java:234)
	at java.base/java.util.stream.ReferencePipeline.findFirst(ReferencePipeline.java:647)
	at org.openqa.selenium.remote.ProtocolHandshake.createSession(ProtocolHandshake.java:126)
	at org.openqa.selenium.remote.ProtocolHandshake.createSession(ProtocolHandshake.java:73)
	at org.openqa.selenium.remote.HttpCommandExecutor.execute(HttpCommandExecutor.java:136)
	at org.openqa.selenium.remote.service.DriverCommandExecutor.execute(DriverCommandExecutor.java:83)
	at org.openqa.selenium.remote.RemoteWebDriver.execute(RemoteWebDriver.java:548)
	at org.openqa.selenium.remote.RemoteWebDriver.startSession(RemoteWebDriver.java:212)
	at org.openqa.selenium.remote.RemoteWebDriver.<init>(RemoteWebDriver.java:130)
	at org.openqa.selenium.chrome.ChromeDriver.<init>(ChromeDriver.java:181)
	at org.openqa.selenium.chrome.ChromeDriver.<init>(ChromeDriver.java:168)
	at org.openqa.selenium.chrome.ChromeDriver.<init>(ChromeDriver.java:157)
	at basePackage.BaseInit.startUp(BaseInit.java:20)
... Removed 23 stack frames]]>
    </failure>
  </testcase> <!-- @BeforeSuite startUp -->
  <testcase classname="com.fdxMasterScreens.BaseClass" name="baseMethods" time="0.003">
    <skipped/>
  </testcase> <!-- baseMethods -->
</testsuite> <!-- Crud Operations -->
